00:30:04.260 [main] INFO  api.test.Pet_Test - Creating entry of new pet******
00:30:07.260 [main] INFO  api.test.Pet_Test - ******Retrieving the data of Pets
00:30:08.385 [main] INFO  api.test.Pet_Test - *******updating the petdata******
00:30:09.543 [main] INFO  api.test.Pet_Test - ******Retrieving the data of Pets after update
00:30:10.627 [main] INFO  api.test.Pet_Test - ***Deleting the user*****
00:32:24.571 [main] INFO  api.test.Pet_Test - Creating entry of new pet******
00:32:27.642 [main] INFO  api.test.Pet_Test - ******Retrieving the data of Pets
00:32:28.791 [main] INFO  api.test.Pet_Test - *******updating the petdata******
00:32:30.000 [main] INFO  api.test.Pet_Test - ******Retrieving the data of Pets after update
00:32:31.075 [main] INFO  api.test.Pet_Test - ***Deleting the user*****
00:38:13.080 [main] INFO  api.test.Pet_Test - Creating entry of new pet******
00:38:16.305 [main] INFO  api.test.Pet_Test - ******Retrieving the data of Pets
00:38:17.417 [main] INFO  api.test.Pet_Test - *******updating the petdata******
00:38:18.566 [main] INFO  api.test.Pet_Test - ******Retrieving the data of Pets after update
00:38:19.630 [main] INFO  api.test.Pet_Test - ***Deleting the user*****
00:58:08.882 [main] INFO  api.test.Pet_Test - Creating entry of new pet******
00:58:08.911 [main] INFO  api.test.Pet_Test - ******Retrieving the data of Pets
00:58:11.598 [main] INFO  api.test.Pet_Test - *******updating the petdata******
00:58:11.603 [main] INFO  api.test.Pet_Test - ******Retrieving the data of Pets after update
00:58:12.677 [main] INFO  api.test.Pet_Test - ***Deleting the user*****
01:03:38.166 [main] INFO  api.test.Pet_Test - Creating entry of new pet******
01:03:41.238 [main] INFO  api.test.Pet_Test - ******Retrieving the data of Pets
01:03:42.357 [main] INFO  api.test.Pet_Test - *******updating the petdata******
01:03:43.484 [main] INFO  api.test.Pet_Test - ******Retrieving the data of Pets after update
01:03:44.561 [main] INFO  api.test.Pet_Test - ***Deleting the user*****
01:04:57.434 [main] INFO  api.test.Pet_Test - Creating entry of new pet******
01:05:00.827 [main] INFO  api.test.Pet_Test - ******Retrieving the data of Pets
01:05:01.894 [main] INFO  api.test.Pet_Test - *******updating the petdata******
01:05:03.142 [main] INFO  api.test.Pet_Test - ******Retrieving the data of Pets after update
01:05:04.198 [main] INFO  api.test.Pet_Test - ***Deleting the user*****
01:17:51.715 [main] INFO  api.test.Pet_Test - Creating entry of new pet******
01:17:55.302 [main] INFO  api.test.Pet_Test - ******Retrieving the data of Pets
01:17:56.328 [main] INFO  api.test.Pet_Test - *******updating the petdata******
01:17:57.487 [main] INFO  api.test.Pet_Test - ******Retrieving the data of Pets after update
01:17:58.546 [main] INFO  api.test.Pet_Test - ***Deleting the user*****
